[ 2013-12-12T12:53:30+08:00 ] 127.0.0.1 /
INFO: [ app_begin ] --START--
INFO: ReadHtmlCache Behavior ::run [ RunTime:0.048445s ]
INFO: [ app_begin ] --END-- [ RunTime:0.048700s ]
INFO: [ view_parse ] --START--
INFO: ParseTemplate Behavior ::run [ RunTime:0.045353s ]
INFO: [ view_parse ] --END-- [ RunTime:0.045665s ]
INFO: [ view_filter ] --START--
NOTIC: [8] Use of undefined constant APP_TMPL_PATH - assumed 'APP_TMPL_PATH' G:\studying\php\myweb\webapp\ThinkPHP\Lib\Behavior\ContentReplaceBehavior.class.php 第 40 行.
NOTIC: [8] Use of undefined constant APP_TMPL_PATH - assumed 'APP_TMPL_PATH' G:\studying\php\myweb\webapp\ThinkPHP\Lib\Behavior\ContentReplaceBehavior.class.php 第 47 行.
INFO: ContentReplace Behavior ::run [ RunTime:0.019969s ]
INFO: TokenBuild Behavior ::run [ RunTime:0.004521s ]
INFO: WriteHtmlCache Behavior ::run [ RunTime:0.002843s ]
INFO: ShowRuntime Behavior ::run [ RunTime:0.040749s ]
INFO: [ view_filter ] --END-- [ RunTime:0.068586s ]
INFO: [ view_end ] --START--
INFO: ShowPageTrace Behavior ::run [ RunTime:0.005256s ]
INFO: [ view_end ] --END-- [ RunTime:0.005481s ]

[ 2013-12-12T13:07:28+08:00 ] 127.0.0.1 /Role/index.html
INFO: [ route_check ] --START--
INFO: CheckRoute Behavior ::run [ RunTime:0.002380s ]
INFO: [ route_check ] --END-- [ RunTime:0.002568s ]
INFO: [ app_begin ] --START--
INFO: ReadHtmlCache Behavior ::run [ RunTime:0.000743s ]
INFO: [ app_begin ] --END-- [ RunTime:0.000850s ]
ERR: 无法加载模块:Role

[ 2013-12-12T13:07:36+08:00 ] 127.0.0.1 /User/index.html
INFO: [ route_check ] --START--
INFO: CheckRoute Behavior ::run [ RunTime:0.003937s ]
INFO: [ route_check ] --END-- [ RunTime:0.004162s ]
INFO: [ app_begin ] --START--
INFO: ReadHtmlCache Behavior ::run [ RunTime:0.003121s ]
INFO: [ app_begin ] --END-- [ RunTime:0.003332s ]
ERR: 无法加载模块:User

[ 2013-12-12T13:07:42+08:00 ] 127.0.0.1 /User/index.html
INFO: [ route_check ] --START--
INFO: CheckRoute Behavior ::run [ RunTime:0.002745s ]
INFO: [ route_check ] --END-- [ RunTime:0.002942s ]
INFO: [ app_begin ] --START--
INFO: ReadHtmlCache Behavior ::run [ RunTime:0.000811s ]
INFO: [ app_begin ] --END-- [ RunTime:0.000912s ]
ERR: 无法加载模块:User

[ 2013-12-12T13:16:28+08:00 ] 127.0.0.1 /Css/bootstrap.css
INFO: [ route_check ] --START--
INFO: CheckRoute Behavior ::run [ RunTime:0.003216s ]
INFO: [ route_check ] --END-- [ RunTime:0.003409s ]
INFO: [ app_begin ] --START--
INFO: ReadHtmlCache Behavior ::run [ RunTime:0.002593s ]
INFO: [ app_begin ] --END-- [ RunTime:0.002758s ]
ERR: 无法加载模块:Css

[ 2013-12-12T13:19:51+08:00 ] 127.0.0.1 /admin/Tpl/default/Js/jquery.sorted.js
INFO: [ route_check ] --START--
INFO: CheckRoute Behavior ::run [ RunTime:0.002222s ]
INFO: [ route_check ] --END-- [ RunTime:0.002369s ]
INFO: [ app_begin ] --START--
INFO: ReadHtmlCache Behavior ::run [ RunTime:0.001775s ]
INFO: [ app_begin ] --END-- [ RunTime:0.001877s ]
ERR: 无法加载模块:admin

[ 2013-12-12T13:19:54+08:00 ] 127.0.0.1 /admin/Tpl/default/Js/jquery.sorted.js
INFO: [ route_check ] --START--
INFO: CheckRoute Behavior ::run [ RunTime:0.002389s ]
INFO: [ route_check ] --END-- [ RunTime:0.002645s ]
INFO: [ app_begin ] --START--
INFO: ReadHtmlCache Behavior ::run [ RunTime:0.001165s ]
INFO: [ app_begin ] --END-- [ RunTime:0.001372s ]
ERR: 无法加载模块:admin

[ 2013-12-12T13:19:59+08:00 ] 127.0.0.1 /admin/Tpl/default/Js/jquery.sorted.js
INFO: [ route_check ] --START--
INFO: CheckRoute Behavior ::run [ RunTime:0.002334s ]
INFO: [ route_check ] --END-- [ RunTime:0.002489s ]
INFO: [ app_begin ] --START--
INFO: ReadHtmlCache Behavior ::run [ RunTime:0.000749s ]
INFO: [ app_begin ] --END-- [ RunTime:0.000879s ]
ERR: 无法加载模块:admin

[ 2013-12-12T13:20:04+08:00 ] 127.0.0.1 /chinapost/index.php?m=Label&a=index&p=3
INFO: [ route_check ] --START--
INFO: CheckRoute Behavior ::run [ RunTime:0.002360s ]
INFO: [ route_check ] --END-- [ RunTime:0.002517s ]
INFO: [ app_begin ] --START--
INFO: ReadHtmlCache Behavior ::run [ RunTime:0.000678s ]
INFO: [ app_begin ] --END-- [ RunTime:0.000775s ]
ERR: 无法加载模块:Label

[ 2013-12-12T13:20:20+08:00 ] 127.0.0.1 /Role/index.html
INFO: [ route_check ] --START--
INFO: CheckRoute Behavior ::run [ RunTime:0.002218s ]
INFO: [ route_check ] --END-- [ RunTime:0.002373s ]
INFO: [ app_begin ] --START--
INFO: ReadHtmlCache Behavior ::run [ RunTime:0.000864s ]
INFO: [ app_begin ] --END-- [ RunTime:0.001000s ]
ERR: 无法加载模块:Role

[ 2013-12-12T13:20:22+08:00 ] 127.0.0.1 /admin/Tpl/default/Js/jquery.sorted.js
INFO: [ route_check ] --START--
INFO: CheckRoute Behavior ::run [ RunTime:0.003195s ]
INFO: [ route_check ] --END-- [ RunTime:0.003434s ]
INFO: [ app_begin ] --START--
INFO: ReadHtmlCache Behavior ::run [ RunTime:0.001099s ]
INFO: [ app_begin ] --END-- [ RunTime:0.001300s ]
ERR: 无法加载模块:admin

[ 2013-12-12T13:20:38+08:00 ] 127.0.0.1 /Node/index.html
INFO: [ route_check ] --START--
INFO: CheckRoute Behavior ::run [ RunTime:0.002374s ]
INFO: [ route_check ] --END-- [ RunTime:0.002552s ]
INFO: [ app_begin ] --START--
INFO: ReadHtmlCache Behavior ::run [ RunTime:0.002029s ]
INFO: [ app_begin ] --END-- [ RunTime:0.002191s ]
ERR: 无法加载模块:Node

[ 2013-12-12T13:20:39+08:00 ] 127.0.0.1 /Node/index.html
INFO: [ route_check ] --START--
INFO: CheckRoute Behavior ::run [ RunTime:0.002819s ]
INFO: [ route_check ] --END-- [ RunTime:0.003021s ]
INFO: [ app_begin ] --START--
INFO: ReadHtmlCache Behavior ::run [ RunTime:0.001858s ]
INFO: [ app_begin ] --END-- [ RunTime:0.001978s ]
ERR: 无法加载模块:Node

[ 2013-12-12T13:20:47+08:00 ] 127.0.0.1 /admin/Tpl/default/Js/jquery.sorted.js
INFO: [ route_check ] --START--
INFO: CheckRoute Behavior ::run [ RunTime:0.003363s ]
INFO: [ route_check ] --END-- [ RunTime:0.003583s ]
INFO: [ app_begin ] --START--
INFO: ReadHtmlCache Behavior ::run [ RunTime:0.002821s ]
INFO: [ app_begin ] --END-- [ RunTime:0.002982s ]
ERR: 无法加载模块:admin

[ 2013-12-12T13:22:39+08:00 ] 127.0.0.1 /admin/Tpl/default/Js/jquery.sorted.js
INFO: [ route_check ] --START--
INFO: CheckRoute Behavior ::run [ RunTime:0.003349s ]
INFO: [ route_check ] --END-- [ RunTime:0.003529s ]
INFO: [ app_begin ] --START--
INFO: ReadHtmlCache Behavior ::run [ RunTime:0.001882s ]
INFO: [ app_begin ] --END-- [ RunTime:0.002003s ]
ERR: 无法加载模块:admin

[ 2013-12-12T13:22:43+08:00 ] 127.0.0.1 /admin/Tpl/default/Js/jquery.sorted.js
INFO: [ route_check ] --START--
INFO: CheckRoute Behavior ::run [ RunTime:0.002553s ]
INFO: [ route_check ] --END-- [ RunTime:0.002723s ]
INFO: [ app_begin ] --START--
INFO: ReadHtmlCache Behavior ::run [ RunTime:0.001800s ]
INFO: [ app_begin ] --END-- [ RunTime:0.001902s ]
ERR: 无法加载模块:admin

[ 2013-12-12T13:22:45+08:00 ] 127.0.0.1 /admin/Tpl/default/Js/jquery.sorted.js
INFO: [ route_check ] --START--
INFO: CheckRoute Behavior ::run [ RunTime:0.002781s ]
INFO: [ route_check ] --END-- [ RunTime:0.002944s ]
INFO: [ app_begin ] --START--
INFO: ReadHtmlCache Behavior ::run [ RunTime:0.002009s ]
INFO: [ app_begin ] --END-- [ RunTime:0.002142s ]
ERR: 无法加载模块:admin

[ 2013-12-12T13:22:49+08:00 ] 127.0.0.1 /admin/Tpl/default/Js/jquery.sorted.js
INFO: [ route_check ] --START--
INFO: CheckRoute Behavior ::run [ RunTime:0.002344s ]
INFO: [ route_check ] --END-- [ RunTime:0.002504s ]
INFO: [ app_begin ] --START--
INFO: ReadHtmlCache Behavior ::run [ RunTime:0.001964s ]
INFO: [ app_begin ] --END-- [ RunTime:0.002078s ]
ERR: 无法加载模块:admin

[ 2013-12-12T13:22:50+08:00 ] 127.0.0.1 /admin/Tpl/default/Js/jquery.sorted.js
INFO: [ route_check ] --START--
INFO: CheckRoute Behavior ::run [ RunTime:0.002205s ]
INFO: [ route_check ] --END-- [ RunTime:0.002360s ]
INFO: [ app_begin ] --START--
INFO: ReadHtmlCache Behavior ::run [ RunTime:0.001800s ]
INFO: [ app_begin ] --END-- [ RunTime:0.001905s ]
ERR: 无法加载模块:admin

[ 2013-12-12T13:22:55+08:00 ] 127.0.0.1 /admin/Tpl/default/Js/jquery.sorted.js
INFO: [ route_check ] --START--
INFO: CheckRoute Behavior ::run [ RunTime:0.002439s ]
INFO: [ route_check ] --END-- [ RunTime:0.002608s ]
INFO: [ app_begin ] --START--
INFO: ReadHtmlCache Behavior ::run [ RunTime:0.001834s ]
INFO: [ app_begin ] --END-- [ RunTime:0.001943s ]
ERR: 无法加载模块:admin

[ 2013-12-12T13:22:59+08:00 ] 127.0.0.1 /admin/Tpl/default/Js/jquery.sorted.js
INFO: [ route_check ] --START--
INFO: CheckRoute Behavior ::run [ RunTime:0.002343s ]
INFO: [ route_check ] --END-- [ RunTime:0.002486s ]
INFO: [ app_begin ] --START--
INFO: ReadHtmlCache Behavior ::run [ RunTime:0.001858s ]
INFO: [ app_begin ] --END-- [ RunTime:0.001986s ]
ERR: 无法加载模块:admin

[ 2013-12-12T13:23:00+08:00 ] 127.0.0.1 /admin/Tpl/default/Js/jquery.sorted.js
INFO: [ route_check ] --START--
INFO: CheckRoute Behavior ::run [ RunTime:0.002263s ]
INFO: [ route_check ] --END-- [ RunTime:0.002424s ]
INFO: [ app_begin ] --START--
INFO: ReadHtmlCache Behavior ::run [ RunTime:0.001807s ]
INFO: [ app_begin ] --END-- [ RunTime:0.001919s ]
ERR: 无法加载模块:admin

[ 2013-12-12T13:23:04+08:00 ] 127.0.0.1 /admin/Tpl/default/Js/jquery.sorted.js
INFO: [ route_check ] --START--
INFO: CheckRoute Behavior ::run [ RunTime:0.003110s ]
INFO: [ route_check ] --END-- [ RunTime:0.003283s ]
INFO: [ app_begin ] --START--
INFO: ReadHtmlCache Behavior ::run [ RunTime:0.001958s ]
INFO: [ app_begin ] --END-- [ RunTime:0.002068s ]
ERR: 无法加载模块:admin

[ 2013-12-12T13:23:05+08:00 ] 127.0.0.1 /Role/index.html
INFO: [ route_check ] --START--
INFO: CheckRoute Behavior ::run [ RunTime:0.002382s ]
INFO: [ route_check ] --END-- [ RunTime:0.002563s ]
INFO: [ app_begin ] --START--
INFO: ReadHtmlCache Behavior ::run [ RunTime:0.001971s ]
INFO: [ app_begin ] --END-- [ RunTime:0.002219s ]
ERR: 无法加载模块:Role

[ 2013-12-12T13:23:06+08:00 ] 127.0.0.1 /admin/Tpl/default/Js/jquery.sorted.js
INFO: [ route_check ] --START--
INFO: CheckRoute Behavior ::run [ RunTime:0.002252s ]
INFO: [ route_check ] --END-- [ RunTime:0.002394s ]
INFO: [ app_begin ] --START--
INFO: ReadHtmlCache Behavior ::run [ RunTime:0.002431s ]
INFO: [ app_begin ] --END-- [ RunTime:0.002592s ]
ERR: 无法加载模块:admin

[ 2013-12-12T13:26:13+08:00 ] 127.0.0.1 /Role/index.html
INFO: [ route_check ] --START--
INFO: CheckRoute Behavior ::run [ RunTime:0.002476s ]
INFO: [ route_check ] --END-- [ RunTime:0.002667s ]
INFO: [ app_begin ] --START--
INFO: ReadHtmlCache Behavior ::run [ RunTime:0.003174s ]
INFO: [ app_begin ] --END-- [ RunTime:0.003433s ]
ERR: 无法加载模块:Role

[ 2013-12-12T13:26:15+08:00 ] 127.0.0.1 /User/index.html
INFO: [ route_check ] --START--
INFO: CheckRoute Behavior ::run [ RunTime:0.002388s ]
INFO: [ route_check ] --END-- [ RunTime:0.002885s ]
INFO: [ app_begin ] --START--
INFO: ReadHtmlCache Behavior ::run [ RunTime:0.002276s ]
INFO: [ app_begin ] --END-- [ RunTime:0.002568s ]
ERR: 无法加载模块:User

[ 2013-12-12T13:26:15+08:00 ] 127.0.0.1 /Menu/index.html
INFO: [ route_check ] --START--
INFO: CheckRoute Behavior ::run [ RunTime:0.002270s ]
INFO: [ route_check ] --END-- [ RunTime:0.002423s ]
INFO: [ app_begin ] --START--
INFO: ReadHtmlCache Behavior ::run [ RunTime:0.001845s ]
INFO: [ app_begin ] --END-- [ RunTime:0.001957s ]
ERR: 无法加载模块:Menu

[ 2013-12-12T13:26:26+08:00 ] 127.0.0.1 /Menu/index.html
INFO: [ route_check ] --START--
INFO: CheckRoute Behavior ::run [ RunTime:0.002414s ]
INFO: [ route_check ] --END-- [ RunTime:0.002599s ]
INFO: [ app_begin ] --START--
INFO: ReadHtmlCache Behavior ::run [ RunTime:0.001572s ]
INFO: [ app_begin ] --END-- [ RunTime:0.001735s ]
ERR: 无法加载模块:Menu

[ 2013-12-12T13:27:11+08:00 ] 127.0.0.1 /admin/Tpl/default/Js/jquery.sorted.js
INFO: [ route_check ] --START--
INFO: CheckRoute Behavior ::run [ RunTime:0.001245s ]
INFO: [ route_check ] --END-- [ RunTime:0.001417s ]
INFO: [ app_begin ] --START--
INFO: ReadHtmlCache Behavior ::run [ RunTime:0.000703s ]
INFO: [ app_begin ] --END-- [ RunTime:0.000805s ]
ERR: 无法加载模块:admin

[ 2013-12-12T13:29:20+08:00 ] 127.0.0.1 /admin/Tpl/default/Js/jquery.sorted.js
INFO: [ route_check ] --START--
INFO: CheckRoute Behavior ::run [ RunTime:0.001596s ]
INFO: [ route_check ] --END-- [ RunTime:0.001803s ]
INFO: [ app_begin ] --START--
INFO: ReadHtmlCache Behavior ::run [ RunTime:0.001506s ]
INFO: [ app_begin ] --END-- [ RunTime:0.001735s ]
ERR: 无法加载模块:admin

[ 2013-12-12T13:29:22+08:00 ] 127.0.0.1 /admin/Tpl/default/Js/jquery.sorted.js
INFO: [ route_check ] --START--
INFO: CheckRoute Behavior ::run [ RunTime:0.001677s ]
INFO: [ route_check ] --END-- [ RunTime:0.001922s ]
INFO: [ app_begin ] --START--
INFO: ReadHtmlCache Behavior ::run [ RunTime:0.001529s ]
INFO: [ app_begin ] --END-- [ RunTime:0.001788s ]
ERR: 无法加载模块:admin

[ 2013-12-12T13:29:24+08:00 ] 127.0.0.1 /admin/Tpl/default/Js/jquery.sorted.js
INFO: [ route_check ] --START--
INFO: CheckRoute Behavior ::run [ RunTime:0.001092s ]
INFO: [ route_check ] --END-- [ RunTime:0.001239s ]
INFO: [ app_begin ] --START--
INFO: ReadHtmlCache Behavior ::run [ RunTime:0.000715s ]
INFO: [ app_begin ] --END-- [ RunTime:0.000818s ]
ERR: 无法加载模块:admin

[ 2013-12-12T13:29:34+08:00 ] 127.0.0.1 /admin/Tpl/default/Js/jquery.sorted.js
INFO: [ route_check ] --START--
INFO: CheckRoute Behavior ::run [ RunTime:0.001695s ]
INFO: [ route_check ] --END-- [ RunTime:0.001942s ]
INFO: [ app_begin ] --START--
INFO: ReadHtmlCache Behavior ::run [ RunTime:0.000935s ]
INFO: [ app_begin ] --END-- [ RunTime:0.001151s ]
ERR: 无法加载模块:admin

[ 2013-12-12T13:29:36+08:00 ] 127.0.0.1 /admin/Tpl/default/Js/jquery.sorted.js
INFO: [ route_check ] --START--
INFO: CheckRoute Behavior ::run [ RunTime:0.001084s ]
INFO: [ route_check ] --END-- [ RunTime:0.001226s ]
INFO: [ app_begin ] --START--
INFO: ReadHtmlCache Behavior ::run [ RunTime:0.000820s ]
INFO: [ app_begin ] --END-- [ RunTime:0.000927s ]
ERR: 无法加载模块:admin

[ 2013-12-12T13:29:39+08:00 ] 127.0.0.1 /admin/Tpl/default/Js/jquery.sorted.js
INFO: [ route_check ] --START--
INFO: CheckRoute Behavior ::run [ RunTime:0.001346s ]
INFO: [ route_check ] --END-- [ RunTime:0.001543s ]
INFO: [ app_begin ] --START--
INFO: ReadHtmlCache Behavior ::run [ RunTime:0.000694s ]
INFO: [ app_begin ] --END-- [ RunTime:0.000797s ]
ERR: 无法加载模块:admin

[ 2013-12-12T13:29:42+08:00 ] 127.0.0.1 /admin/Tpl/default/Js/jquery.sorted.js
INFO: [ route_check ] --START--
INFO: CheckRoute Behavior ::run [ RunTime:0.001245s ]
INFO: [ route_check ] --END-- [ RunTime:0.001388s ]
INFO: [ app_begin ] --START--
INFO: ReadHtmlCache Behavior ::run [ RunTime:0.000691s ]
INFO: [ app_begin ] --END-- [ RunTime:0.000792s ]
ERR: 无法加载模块:admin

[ 2013-12-12T13:29:51+08:00 ] 127.0.0.1 /admin/Tpl/default/Js/jquery.sorted.js
INFO: [ route_check ] --START--
INFO: CheckRoute Behavior ::run [ RunTime:0.001084s ]
INFO: [ route_check ] --END-- [ RunTime:0.001228s ]
INFO: [ app_begin ] --START--
INFO: ReadHtmlCache Behavior ::run [ RunTime:0.000680s ]
INFO: [ app_begin ] --END-- [ RunTime:0.000780s ]
ERR: 无法加载模块:admin

[ 2013-12-12T13:29:54+08:00 ] 127.0.0.1 /Node/index.html
INFO: [ route_check ] --START--
INFO: CheckRoute Behavior ::run [ RunTime:0.001300s ]
INFO: [ route_check ] --END-- [ RunTime:0.001496s ]
INFO: [ app_begin ] --START--
INFO: ReadHtmlCache Behavior ::run [ RunTime:0.000787s ]
INFO: [ app_begin ] --END-- [ RunTime:0.000915s ]
ERR: 无法加载模块:Node

[ 2013-12-12T13:30:28+08:00 ] 127.0.0.1 /admin/Tpl/default/Js/jquery.sorted.js
INFO: [ route_check ] --START--
INFO: CheckRoute Behavior ::run [ RunTime:0.001083s ]
INFO: [ route_check ] --END-- [ RunTime:0.001222s ]
INFO: [ app_begin ] --START--
INFO: ReadHtmlCache Behavior ::run [ RunTime:0.000693s ]
INFO: [ app_begin ] --END-- [ RunTime:0.000794s ]
ERR: 无法加载模块:admin

[ 2013-12-12T13:30:30+08:00 ] 127.0.0.1 /admin/Tpl/default/Js/jquery.sorted.js
INFO: [ route_check ] --START--
INFO: CheckRoute Behavior ::run [ RunTime:0.001095s ]
INFO: [ route_check ] --END-- [ RunTime:0.001233s ]
INFO: [ app_begin ] --START--
INFO: ReadHtmlCache Behavior ::run [ RunTime:0.000688s ]
INFO: [ app_begin ] --END-- [ RunTime:0.000796s ]
ERR: 无法加载模块:admin

[ 2013-12-12T13:30:31+08:00 ] 127.0.0.1 /admin/Tpl/default/Js/jquery.sorted.js
INFO: [ route_check ] --START--
INFO: CheckRoute Behavior ::run [ RunTime:0.001504s ]
INFO: [ route_check ] --END-- [ RunTime:0.001700s ]
INFO: [ app_begin ] --START--
INFO: ReadHtmlCache Behavior ::run [ RunTime:0.000710s ]
INFO: [ app_begin ] --END-- [ RunTime:0.000823s ]
ERR: 无法加载模块:admin

[ 2013-12-12T13:30:38+08:00 ] 127.0.0.1 /admin/Tpl/default/Js/jquery.sorted.js
INFO: [ route_check ] --START--
INFO: CheckRoute Behavior ::run [ RunTime:0.001216s ]
INFO: [ route_check ] --END-- [ RunTime:0.001413s ]
INFO: [ app_begin ] --START--
INFO: ReadHtmlCache Behavior ::run [ RunTime:0.001097s ]
INFO: [ app_begin ] --END-- [ RunTime:0.001313s ]
ERR: 无法加载模块:admin

[ 2013-12-12T13:31:33+08:00 ] 127.0.0.1 /
INFO: [ app_begin ] --START--
INFO: ReadHtmlCache Behavior ::run [ RunTime:0.001518s ]
INFO: [ app_begin ] --END-- [ RunTime:0.001871s ]
INFO: [ view_parse ] --START--
INFO: ParseTemplate Behavior ::run [ RunTime:0.002356s ]
INFO: [ view_parse ] --END-- [ RunTime:0.002520s ]
INFO: [ view_filter ] --START--
NOTIC: [8] Use of undefined constant APP_TMPL_PATH - assumed 'APP_TMPL_PATH' G:\studying\php\myweb\webapp\ThinkPHP\Lib\Behavior\ContentReplaceBehavior.class.php 第 40 行.
NOTIC: [8] Use of undefined constant APP_TMPL_PATH - assumed 'APP_TMPL_PATH' G:\studying\php\myweb\webapp\ThinkPHP\Lib\Behavior\ContentReplaceBehavior.class.php 第 47 行.
INFO: ContentReplace Behavior ::run [ RunTime:0.001280s ]
INFO: TokenBuild Behavior ::run [ RunTime:0.001224s ]
INFO: WriteHtmlCache Behavior ::run [ RunTime:0.001243s ]
INFO: ShowRuntime Behavior ::run [ RunTime:0.001433s ]
INFO: [ view_filter ] --END-- [ RunTime:0.005600s ]
INFO: [ view_end ] --START--
INFO: ShowPageTrace Behavior ::run [ RunTime:0.002194s ]
INFO: [ view_end ] --END-- [ RunTime:0.002335s ]

[ 2013-12-12T13:31:44+08:00 ] 127.0.0.1 /index.php
INFO: [ app_begin ] --START--
INFO: ReadHtmlCache Behavior ::run [ RunTime:0.001776s ]
INFO: [ app_begin ] --END-- [ RunTime:0.001948s ]
INFO: [ view_parse ] --START--
INFO: ParseTemplate Behavior ::run [ RunTime:0.002732s ]
INFO: [ view_parse ] --END-- [ RunTime:0.002852s ]
INFO: [ view_filter ] --START--
NOTIC: [8] Use of undefined constant APP_TMPL_PATH - assumed 'APP_TMPL_PATH' G:\studying\php\myweb\webapp\ThinkPHP\Lib\Behavior\ContentReplaceBehavior.class.php 第 40 行.
NOTIC: [8] Use of undefined constant APP_TMPL_PATH - assumed 'APP_TMPL_PATH' G:\studying\php\myweb\webapp\ThinkPHP\Lib\Behavior\ContentReplaceBehavior.class.php 第 47 行.
INFO: ContentReplace Behavior ::run [ RunTime:0.001602s ]
INFO: TokenBuild Behavior ::run [ RunTime:0.001619s ]
INFO: WriteHtmlCache Behavior ::run [ RunTime:0.001420s ]
INFO: ShowRuntime Behavior ::run [ RunTime:0.001659s ]
INFO: [ view_filter ] --END-- [ RunTime:0.006562s ]
INFO: [ view_end ] --START--
INFO: ShowPageTrace Behavior ::run [ RunTime:0.001882s ]
INFO: [ view_end ] --END-- [ RunTime:0.001979s ]

[ 2013-12-12T13:31:50+08:00 ] 127.0.0.1 /index.php/index
INFO: [ route_check ] --START--
INFO: CheckRoute Behavior ::run [ RunTime:0.001773s ]
INFO: [ route_check ] --END-- [ RunTime:0.001949s ]
INFO: [ app_begin ] --START--
INFO: ReadHtmlCache Behavior ::run [ RunTime:0.000687s ]
INFO: [ app_begin ] --END-- [ RunTime:0.000788s ]
ERR: 无法加载模块:index

[ 2013-12-12T13:32:01+08:00 ] 127.0.0.1 /index.php
INFO: [ app_begin ] --START--
INFO: ReadHtmlCache Behavior ::run [ RunTime:0.002646s ]
INFO: [ app_begin ] --END-- [ RunTime:0.002851s ]
INFO: [ view_parse ] --START--
INFO: ParseTemplate Behavior ::run [ RunTime:0.002952s ]
INFO: [ view_parse ] --END-- [ RunTime:0.003115s ]
INFO: [ view_filter ] --START--
NOTIC: [8] Use of undefined constant APP_TMPL_PATH - assumed 'APP_TMPL_PATH' G:\studying\php\myweb\webapp\ThinkPHP\Lib\Behavior\ContentReplaceBehavior.class.php 第 40 行.
NOTIC: [8] Use of undefined constant APP_TMPL_PATH - assumed 'APP_TMPL_PATH' G:\studying\php\myweb\webapp\ThinkPHP\Lib\Behavior\ContentReplaceBehavior.class.php 第 47 行.
INFO: ContentReplace Behavior ::run [ RunTime:0.002354s ]
INFO: TokenBuild Behavior ::run [ RunTime:0.001946s ]
INFO: WriteHtmlCache Behavior ::run [ RunTime:0.001443s ]
INFO: ShowRuntime Behavior ::run [ RunTime:0.001705s ]
INFO: [ view_filter ] --END-- [ RunTime:0.007785s ]
INFO: [ view_end ] --START--
INFO: ShowPageTrace Behavior ::run [ RunTime:0.001913s ]
INFO: [ view_end ] --END-- [ RunTime:0.002015s ]

[ 2013-12-12T13:32:10+08:00 ] 127.0.0.1 /index
INFO: [ route_check ] --START--
INFO: CheckRoute Behavior ::run [ RunTime:0.001127s ]
INFO: [ route_check ] --END-- [ RunTime:0.001283s ]
INFO: [ app_begin ] --START--
INFO: ReadHtmlCache Behavior ::run [ RunTime:0.000869s ]
INFO: [ app_begin ] --END-- [ RunTime:0.001038s ]
ERR: 无法加载模块:index

[ 2013-12-12T13:32:12+08:00 ] 127.0.0.1 /index
INFO: [ route_check ] --START--
INFO: CheckRoute Behavior ::run [ RunTime:0.001222s ]
INFO: [ route_check ] --END-- [ RunTime:0.001382s ]
INFO: [ app_begin ] --START--
INFO: ReadHtmlCache Behavior ::run [ RunTime:0.000719s ]
INFO: [ app_begin ] --END-- [ RunTime:0.000824s ]
ERR: 无法加载模块:index

[ 2013-12-12T13:32:17+08:00 ] 127.0.0.1 /
INFO: [ app_begin ] --START--
INFO: ReadHtmlCache Behavior ::run [ RunTime:0.000843s ]
INFO: [ app_begin ] --END-- [ RunTime:0.001009s ]
INFO: [ view_parse ] --START--
INFO: ParseTemplate Behavior ::run [ RunTime:0.002005s ]
INFO: [ view_parse ] --END-- [ RunTime:0.002209s ]
INFO: [ view_filter ] --START--
NOTIC: [8] Use of undefined constant APP_TMPL_PATH - assumed 'APP_TMPL_PATH' G:\studying\php\myweb\webapp\ThinkPHP\Lib\Behavior\ContentReplaceBehavior.class.php 第 40 行.
NOTIC: [8] Use of undefined constant APP_TMPL_PATH - assumed 'APP_TMPL_PATH' G:\studying\php\myweb\webapp\ThinkPHP\Lib\Behavior\ContentReplaceBehavior.class.php 第 47 行.
INFO: ContentReplace Behavior ::run [ RunTime:0.000584s ]
INFO: TokenBuild Behavior ::run [ RunTime:0.000927s ]
INFO: WriteHtmlCache Behavior ::run [ RunTime:0.000334s ]
INFO: ShowRuntime Behavior ::run [ RunTime:0.001064s ]
INFO: [ view_filter ] --END-- [ RunTime:0.003203s ]
INFO: [ view_end ] --START--
INFO: ShowPageTrace Behavior ::run [ RunTime:0.001903s ]
INFO: [ view_end ] --END-- [ RunTime:0.002003s ]

[ 2013-12-12T13:32:42+08:00 ] 127.0.0.1 /index.php
INFO: [ app_begin ] --START--
INFO: ReadHtmlCache Behavior ::run [ RunTime:0.001899s ]
INFO: [ app_begin ] --END-- [ RunTime:0.002075s ]
INFO: [ view_parse ] --START--
INFO: ParseTemplate Behavior ::run [ RunTime:0.003116s ]
INFO: [ view_parse ] --END-- [ RunTime:0.003296s ]
INFO: [ view_filter ] --START--
NOTIC: [8] Use of undefined constant APP_TMPL_PATH - assumed 'APP_TMPL_PATH' G:\studying\php\myweb\webapp\ThinkPHP\Lib\Behavior\ContentReplaceBehavior.class.php 第 40 行.
NOTIC: [8] Use of undefined constant APP_TMPL_PATH - assumed 'APP_TMPL_PATH' G:\studying\php\myweb\webapp\ThinkPHP\Lib\Behavior\ContentReplaceBehavior.class.php 第 47 行.
INFO: ContentReplace Behavior ::run [ RunTime:0.001758s ]
INFO: TokenBuild Behavior ::run [ RunTime:0.001589s ]
INFO: WriteHtmlCache Behavior ::run [ RunTime:0.001471s ]
INFO: ShowRuntime Behavior ::run [ RunTime:0.001782s ]
INFO: [ view_filter ] --END-- [ RunTime:0.006907s ]
INFO: [ view_end ] --START--
INFO: ShowPageTrace Behavior ::run [ RunTime:0.001942s ]
INFO: [ view_end ] --END-- [ RunTime:0.002042s ]

[ 2013-12-12T13:32:45+08:00 ] 127.0.0.1 /index.php
INFO: [ app_begin ] --START--
INFO: ReadHtmlCache Behavior ::run [ RunTime:0.002933s ]
INFO: [ app_begin ] --END-- [ RunTime:0.003152s ]
INFO: [ view_parse ] --START--
INFO: ParseTemplate Behavior ::run [ RunTime:0.003386s ]
INFO: [ view_parse ] --END-- [ RunTime:0.003578s ]
INFO: [ view_filter ] --START--
NOTIC: [8] Use of undefined constant APP_TMPL_PATH - assumed 'APP_TMPL_PATH' G:\studying\php\myweb\webapp\ThinkPHP\Lib\Behavior\ContentReplaceBehavior.class.php 第 40 行.
NOTIC: [8] Use of undefined constant APP_TMPL_PATH - assumed 'APP_TMPL_PATH' G:\studying\php\myweb\webapp\ThinkPHP\Lib\Behavior\ContentReplaceBehavior.class.php 第 47 行.
INFO: ContentReplace Behavior ::run [ RunTime:0.001717s ]
INFO: TokenBuild Behavior ::run [ RunTime:0.001706s ]
INFO: WriteHtmlCache Behavior ::run [ RunTime:0.001413s ]
INFO: ShowRuntime Behavior ::run [ RunTime:0.002635s ]
INFO: [ view_filter ] --END-- [ RunTime:0.007817s ]
INFO: [ view_end ] --START--
INFO: ShowPageTrace Behavior ::run [ RunTime:0.002030s ]
INFO: [ view_end ] --END-- [ RunTime:0.002161s ]

[ 2013-12-12T13:32:48+08:00 ] 127.0.0.1 /index.php/index
INFO: [ route_check ] --START--
INFO: CheckRoute Behavior ::run [ RunTime:0.002304s ]
INFO: [ route_check ] --END-- [ RunTime:0.002476s ]
INFO: [ app_begin ] --START--
INFO: ReadHtmlCache Behavior ::run [ RunTime:0.001866s ]
INFO: [ app_begin ] --END-- [ RunTime:0.001984s ]
ERR: 无法加载模块:index

[ 2013-12-12T13:33:39+08:00 ] 127.0.0.1 /index.php/index
ERR: 无法加载模块:index

[ 2013-12-12T13:33:40+08:00 ] 127.0.0.1 /index.php/index
ERR: 无法加载模块:index

[ 2013-12-12T13:33:40+08:00 ] 127.0.0.1 /index.php/index
ERR: 无法加载模块:index

[ 2013-12-12T13:33:41+08:00 ] 127.0.0.1 /index.php/index
ERR: 无法加载模块:index

[ 2013-12-12T13:33:41+08:00 ] 127.0.0.1 /index.php/index
ERR: 无法加载模块:index

[ 2013-12-12T13:33:41+08:00 ] 127.0.0.1 /index.php/index
ERR: 无法加载模块:index

[ 2013-12-12T13:33:42+08:00 ] 127.0.0.1 /index.php/index
ERR: 无法加载模块:index

[ 2013-12-12T13:33:43+08:00 ] 127.0.0.1 /index.php/index
ERR: 无法加载模块:index

[ 2013-12-12T13:33:49+08:00 ] 127.0.0.1 /Menu/index.html
ERR: 无法加载模块:Menu

[ 2013-12-12T13:34:02+08:00 ] 127.0.0.1 /Menu/index.html
ERR: 无法加载模块:Menu

[ 2013-12-12T13:34:03+08:00 ] 127.0.0.1 /Menu/index.html
ERR: 无法加载模块:Menu

[ 2013-12-12T13:34:03+08:00 ] 127.0.0.1 /Menu/index.html
ERR: 无法加载模块:Menu

[ 2013-12-12T13:34:05+08:00 ] 127.0.0.1 /index.php/index
ERR: 无法加载模块:index

[ 2013-12-12T13:34:18+08:00 ] 127.0.0.1 /index.php/index
ERR: 无法加载模块:index

[ 2013-12-12T13:34:19+08:00 ] 127.0.0.1 /index.php/index
ERR: 无法加载模块:index

[ 2013-12-12T13:38:09+08:00 ] 127.0.0.1 /admin/assets/css/dpl-min.css
ERR: 无法加载模块:admin

[ 2013-12-12T13:38:09+08:00 ] 127.0.0.1 /admin/assets/css/bui-min.css
ERR: 无法加载模块:admin

[ 2013-12-12T13:38:09+08:00 ] 127.0.0.1 /admin/assets/css/main-min.css
ERR: 无法加载模块:admin

[ 2013-12-12T13:38:09+08:00 ] 127.0.0.1 /admin/assets/js/jquery-1.8.1.min.js
ERR: 无法加载模块:admin

[ 2013-12-12T13:38:09+08:00 ] 127.0.0.1 /admin/assets/js/bui-min.js
ERR: 无法加载模块:admin

[ 2013-12-12T13:38:09+08:00 ] 127.0.0.1 /admin/assets/js/common/main-min.js
ERR: 无法加载模块:admin

[ 2013-12-12T13:38:09+08:00 ] 127.0.0.1 /admin/assets/js/config-min.js
ERR: 无法加载模块:admin

[ 2013-12-12T13:38:12+08:00 ] 127.0.0.1 /admin/assets/css/dpl-min.css
ERR: 无法加载模块:admin

[ 2013-12-12T13:38:12+08:00 ] 127.0.0.1 /admin/assets/css/main-min.css
ERR: 无法加载模块:admin

[ 2013-12-12T13:38:12+08:00 ] 127.0.0.1 /admin/assets/js/jquery-1.8.1.min.js
ERR: 无法加载模块:admin

[ 2013-12-12T13:38:12+08:00 ] 127.0.0.1 /admin/assets/css/bui-min.css
ERR: 无法加载模块:admin

[ 2013-12-12T13:38:12+08:00 ] 127.0.0.1 /admin/assets/js/common/main-min.js
ERR: 无法加载模块:admin

[ 2013-12-12T13:38:12+08:00 ] 127.0.0.1 /admin/assets/js/config-min.js
ERR: 无法加载模块:admin

[ 2013-12-12T13:38:12+08:00 ] 127.0.0.1 /admin/assets/js/bui-min.js
ERR: 无法加载模块:admin

[ 2013-12-12T13:38:18+08:00 ] 127.0.0.1 /admin/assets/css/dpl-min.css
ERR: 无法加载模块:admin

[ 2013-12-12T13:38:18+08:00 ] 127.0.0.1 /admin/assets/css/bui-min.css
ERR: 无法加载模块:admin

[ 2013-12-12T13:38:18+08:00 ] 127.0.0.1 /admin/assets/js/common/main-min.js
ERR: 无法加载模块:admin

[ 2013-12-12T13:38:18+08:00 ] 127.0.0.1 /admin/assets/js/config-min.js
ERR: 无法加载模块:admin

[ 2013-12-12T13:38:18+08:00 ] 127.0.0.1 /admin/assets/js/jquery-1.8.1.min.js
ERR: 无法加载模块:admin

[ 2013-12-12T13:38:18+08:00 ] 127.0.0.1 /admin/assets/css/main-min.css
ERR: 无法加载模块:admin

[ 2013-12-12T13:38:18+08:00 ] 127.0.0.1 /admin/assets/js/bui-min.js
ERR: 无法加载模块:admin

[ 2013-12-12T13:43:22+08:00 ] 127.0.0.1 /admin/assets/css/main-min.css
ERR: 无法加载模块:admin

[ 2013-12-12T13:43:22+08:00 ] 127.0.0.1 /admin/assets/css/dpl-min.css
ERR: 无法加载模块:admin

[ 2013-12-12T13:43:22+08:00 ] 127.0.0.1 /admin/assets/js/common/main-min.js
ERR: 无法加载模块:admin

[ 2013-12-12T13:43:22+08:00 ] 127.0.0.1 /admin/assets/css/bui-min.css
ERR: 无法加载模块:admin

[ 2013-12-12T13:43:22+08:00 ] 127.0.0.1 /admin/assets/js/config-min.js
ERR: 无法加载模块:admin

[ 2013-12-12T13:43:22+08:00 ] 127.0.0.1 /admin/assets/js/bui-min.js
ERR: 无法加载模块:admin

[ 2013-12-12T13:43:22+08:00 ] 127.0.0.1 /admin/assets/js/jquery-1.8.1.min.js
ERR: 无法加载模块:admin

[ 2013-12-12T13:44:06+08:00 ] 127.0.0.1 /admin/assets/css/dpl-min.css
ERR: 无法加载模块:admin

[ 2013-12-12T13:44:06+08:00 ] 127.0.0.1 /admin/assets/css/main-min.css
ERR: 无法加载模块:admin

[ 2013-12-12T13:44:06+08:00 ] 127.0.0.1 /admin/assets/css/bui-min.css
ERR: 无法加载模块:admin

[ 2013-12-12T13:44:06+08:00 ] 127.0.0.1 /admin/assets/js/bui-min.js
ERR: 无法加载模块:admin

[ 2013-12-12T13:44:06+08:00 ] 127.0.0.1 /admin/assets/js/jquery-1.8.1.min.js
ERR: 无法加载模块:admin

[ 2013-12-12T13:44:06+08:00 ] 127.0.0.1 /admin/assets/js/common/main-min.js
ERR: 无法加载模块:admin

[ 2013-12-12T13:44:06+08:00 ] 127.0.0.1 /admin/assets/js/config-min.js
ERR: 无法加载模块:admin

[ 2013-12-12T13:44:08+08:00 ] 127.0.0.1 /admin/assets/js/jquery-1.8.1.min.js
ERR: 无法加载模块:admin

[ 2013-12-12T13:44:08+08:00 ] 127.0.0.1 /admin/assets/css/bui-min.css
ERR: 无法加载模块:admin

[ 2013-12-12T13:44:08+08:00 ] 127.0.0.1 /admin/assets/js/common/main-min.js
ERR: 无法加载模块:admin

[ 2013-12-12T13:44:08+08:00 ] 127.0.0.1 /admin/assets/css/main-min.css
ERR: 无法加载模块:admin

[ 2013-12-12T13:44:08+08:00 ] 127.0.0.1 /admin/assets/css/dpl-min.css
ERR: 无法加载模块:admin

[ 2013-12-12T13:44:08+08:00 ] 127.0.0.1 /admin/assets/js/bui-min.js
ERR: 无法加载模块:admin

[ 2013-12-12T13:44:08+08:00 ] 127.0.0.1 /admin/assets/js/config-min.js
ERR: 无法加载模块:admin

[ 2013-12-12T13:44:17+08:00 ] 127.0.0.1 /admin/assets/css/dpl-min.css
ERR: 无法加载模块:admin

[ 2013-12-12T13:44:17+08:00 ] 127.0.0.1 /admin/assets/js/bui-min.js
ERR: 无法加载模块:admin

[ 2013-12-12T13:44:17+08:00 ] 127.0.0.1 /admin/assets/css/main-min.css
ERR: 无法加载模块:admin

[ 2013-12-12T13:44:17+08:00 ] 127.0.0.1 /admin/assets/js/config-min.js
ERR: 无法加载模块:admin

[ 2013-12-12T13:44:17+08:00 ] 127.0.0.1 /admin/assets/css/bui-min.css
ERR: 无法加载模块:admin

[ 2013-12-12T13:44:17+08:00 ] 127.0.0.1 /admin/assets/js/jquery-1.8.1.min.js
ERR: 无法加载模块:admin

[ 2013-12-12T13:44:17+08:00 ] 127.0.0.1 /admin/assets/js/common/main-min.js
ERR: 无法加载模块:admin

[ 2013-12-12T13:44:18+08:00 ] 127.0.0.1 /admin/assets/js/jquery-1.8.1.min.js
ERR: 无法加载模块:admin

[ 2013-12-12T13:44:18+08:00 ] 127.0.0.1 /admin/assets/js/common/main-min.js
ERR: 无法加载模块:admin

[ 2013-12-12T13:44:18+08:00 ] 127.0.0.1 /admin/assets/css/bui-min.css
ERR: 无法加载模块:admin

[ 2013-12-12T13:44:18+08:00 ] 127.0.0.1 /admin/assets/css/dpl-min.css
ERR: 无法加载模块:admin

[ 2013-12-12T13:44:18+08:00 ] 127.0.0.1 /admin/assets/css/main-min.css
ERR: 无法加载模块:admin

[ 2013-12-12T13:44:18+08:00 ] 127.0.0.1 /admin/assets/js/bui-min.js
ERR: 无法加载模块:admin

[ 2013-12-12T13:44:18+08:00 ] 127.0.0.1 /admin/assets/js/config-min.js
ERR: 无法加载模块:admin

[ 2013-12-12T13:44:40+08:00 ] 127.0.0.1 /admin/assets/css/dpl-min.css
ERR: 无法加载模块:admin

[ 2013-12-12T13:44:40+08:00 ] 127.0.0.1 /admin/assets/js/common/main-min.js
ERR: 无法加载模块:admin

[ 2013-12-12T13:44:40+08:00 ] 127.0.0.1 /admin/assets/css/bui-min.css
ERR: 无法加载模块:admin

[ 2013-12-12T13:44:40+08:00 ] 127.0.0.1 /admin/assets/css/main-min.css
ERR: 无法加载模块:admin

[ 2013-12-12T13:44:40+08:00 ] 127.0.0.1 /admin/assets/js/jquery-1.8.1.min.js
ERR: 无法加载模块:admin

[ 2013-12-12T13:44:40+08:00 ] 127.0.0.1 /admin/assets/js/bui-min.js
ERR: 无法加载模块:admin

[ 2013-12-12T13:44:40+08:00 ] 127.0.0.1 /admin/assets/js/config-min.js
ERR: 无法加载模块:admin

[ 2013-12-12T13:44:41+08:00 ] 127.0.0.1 /admin/assets/css/dpl-min.css
ERR: 无法加载模块:admin

[ 2013-12-12T13:44:41+08:00 ] 127.0.0.1 /admin/assets/js/common/main-min.js
ERR: 无法加载模块:admin

[ 2013-12-12T13:44:41+08:00 ] 127.0.0.1 /admin/assets/css/bui-min.css
ERR: 无法加载模块:admin

[ 2013-12-12T13:44:41+08:00 ] 127.0.0.1 /admin/assets/js/jquery-1.8.1.min.js
ERR: 无法加载模块:admin

[ 2013-12-12T13:44:41+08:00 ] 127.0.0.1 /admin/assets/js/bui-min.js
ERR: 无法加载模块:admin

[ 2013-12-12T13:44:41+08:00 ] 127.0.0.1 /admin/assets/js/config-min.js
ERR: 无法加载模块:admin

[ 2013-12-12T13:44:41+08:00 ] 127.0.0.1 /admin/assets/css/main-min.css
ERR: 无法加载模块:admin

[ 2013-12-12T13:44:56+08:00 ] 127.0.0.1 /admin/assets/css/bui-min.css
ERR: 无法加载模块:admin

[ 2013-12-12T13:44:56+08:00 ] 127.0.0.1 /admin/assets/css/dpl-min.css
ERR: 无法加载模块:admin

[ 2013-12-12T13:44:56+08:00 ] 127.0.0.1 /admin/assets/css/main-min.css
ERR: 无法加载模块:admin

[ 2013-12-12T13:44:56+08:00 ] 127.0.0.1 /admin/assets/js/jquery-1.8.1.min.js
ERR: 无法加载模块:admin

[ 2013-12-12T13:44:56+08:00 ] 127.0.0.1 /admin/assets/js/bui-min.js
ERR: 无法加载模块:admin

[ 2013-12-12T13:44:56+08:00 ] 127.0.0.1 /admin/assets/js/common/main-min.js
ERR: 无法加载模块:admin

[ 2013-12-12T13:44:56+08:00 ] 127.0.0.1 /admin/assets/js/config-min.js
ERR: 无法加载模块:admin

[ 2013-12-12T13:45:33+08:00 ] 127.0.0.1 /admin/assets/css/dpl-min.css
ERR: 无法加载模块:admin

[ 2013-12-12T13:45:33+08:00 ] 127.0.0.1 /admin/assets/css/bui-min.css
ERR: 无法加载模块:admin

[ 2013-12-12T13:45:33+08:00 ] 127.0.0.1 /admin/assets/js/bui-min.js
ERR: 无法加载模块:admin

[ 2013-12-12T13:45:33+08:00 ] 127.0.0.1 /admin/assets/js/config-min.js
ERR: 无法加载模块:admin

[ 2013-12-12T13:45:33+08:00 ] 127.0.0.1 /admin/assets/css/main-min.css
ERR: 无法加载模块:admin

[ 2013-12-12T13:45:33+08:00 ] 127.0.0.1 /admin/assets/js/jquery-1.8.1.min.js
ERR: 无法加载模块:admin

[ 2013-12-12T13:45:33+08:00 ] 127.0.0.1 /admin/assets/js/common/main-min.js
ERR: 无法加载模块:admin

[ 2013-12-12T13:46:02+08:00 ] 127.0.0.1 /admin/Tpl/default/Js/jquery.sorted.js
ERR: 无法加载模块:admin

[ 2013-12-12T13:46:06+08:00 ] 127.0.0.1 /admin/Tpl/default/Js/jquery.sorted.js
ERR: 无法加载模块:admin

[ 2013-12-12T13:46:13+08:00 ] 127.0.0.1 /admin/Tpl/default/Js/jquery.sorted.js
ERR: 无法加载模块:admin

[ 2013-12-12T13:46:15+08:00 ] 127.0.0.1 /admin/Tpl/default/Js/jquery.sorted.js
ERR: 无法加载模块:admin

[ 2013-12-12T13:46:24+08:00 ] 127.0.0.1 /admin/Tpl/default/Js/jquery.sorted.js
ERR: 无法加载模块:admin

[ 2013-12-12T13:46:37+08:00 ] 127.0.0.1 /admin/Tpl/default/Js/jquery.sorted.js
ERR: 无法加载模块:admin

