[ 2013-12-11T23:23:23+08:00 ] 127.0.0.1 /
INFO: [ app_begin ] --START--
INFO: ReadHtmlCache Behavior ::run [ RunTime:0.002394s ]
INFO: [ app_begin ] --END-- [ RunTime:0.002668s ]
INFO: [ view_parse ] --START--
INFO: ParseTemplate Behavior ::run [ RunTime:0.033814s ]
INFO: [ view_parse ] --END-- [ RunTime:0.034011s ]
INFO: [ view_filter ] --START--
NOTIC: [8] Use of undefined constant APP_TMPL_PATH - assumed 'APP_TMPL_PATH' G:\studying\php\myweb\webapp\ThinkPHP\Lib\Behavior\ContentReplaceBehavior.class.php 第 40 行.
NOTIC: [8] Use of undefined constant APP_TMPL_PATH - assumed 'APP_TMPL_PATH' G:\studying\php\myweb\webapp\ThinkPHP\Lib\Behavior\ContentReplaceBehavior.class.php 第 47 行.
INFO: ContentReplace Behavior ::run [ RunTime:0.001484s ]
INFO: TokenBuild Behavior ::run [ RunTime:0.001400s ]
INFO: WriteHtmlCache Behavior ::run [ RunTime:0.001366s ]
INFO: ShowRuntime Behavior ::run [ RunTime:0.001345s ]
INFO: [ view_filter ] --END-- [ RunTime:0.005990s ]
INFO: [ view_end ] --START--
INFO: ShowPageTrace Behavior ::run [ RunTime:0.001373s ]
INFO: [ view_end ] --END-- [ RunTime:0.001470s ]

[ 2013-12-11T23:29:27+08:00 ] 127.0.0.1 /assets/css/dpl-min.css
INFO: [ route_check ] --START--
INFO: CheckRoute Behavior ::run [ RunTime:0.008824s ]
INFO: [ route_check ] --END-- [ RunTime:0.009037s ]
INFO: [ app_begin ] --START--
INFO: ReadHtmlCache Behavior ::run [ RunTime:0.000979s ]
INFO: [ app_begin ] --END-- [ RunTime:0.001131s ]
ERR: 无法加载模块:assets

[ 2013-12-11T23:29:27+08:00 ] 127.0.0.1 /assets/css/main-min.css
INFO: [ route_check ] --START--
INFO: CheckRoute Behavior ::run [ RunTime:0.002614s ]
INFO: [ route_check ] --END-- [ RunTime:0.002804s ]
INFO: [ app_begin ] --START--
INFO: ReadHtmlCache Behavior ::run [ RunTime:0.002831s ]
INFO: [ app_begin ] --END-- [ RunTime:0.003004s ]
ERR: 无法加载模块:assets

[ 2013-12-11T23:29:27+08:00 ] 127.0.0.1 /assets/js/bui-min.js
INFO: [ route_check ] --START--
INFO: CheckRoute Behavior ::run [ RunTime:0.002421s ]
INFO: [ route_check ] --END-- [ RunTime:0.002595s ]
INFO: [ app_begin ] --START--
INFO: ReadHtmlCache Behavior ::run [ RunTime:0.007236s ]
INFO: [ app_begin ] --END-- [ RunTime:0.007438s ]
ERR: 无法加载模块:assets

[ 2013-12-11T23:29:27+08:00 ] 127.0.0.1 /assets/js/jquery-1.8.1.min.js
INFO: [ route_check ] --START--
INFO: CheckRoute Behavior ::run [ RunTime:0.002600s ]
INFO: [ route_check ] --END-- [ RunTime:0.002816s ]
INFO: [ app_begin ] --START--
INFO: ReadHtmlCache Behavior ::run [ RunTime:0.001867s ]
INFO: [ app_begin ] --END-- [ RunTime:0.002032s ]
ERR: 无法加载模块:assets

[ 2013-12-11T23:29:27+08:00 ] 127.0.0.1 /assets/js/common/main-min.js
INFO: [ route_check ] --START--
INFO: CheckRoute Behavior ::run [ RunTime:0.002700s ]
INFO: [ route_check ] --END-- [ RunTime:0.002935s ]
INFO: [ app_begin ] --START--
INFO: ReadHtmlCache Behavior ::run [ RunTime:0.002278s ]
INFO: [ app_begin ] --END-- [ RunTime:0.002600s ]
ERR: 无法加载模块:assets

[ 2013-12-11T23:29:27+08:00 ] 127.0.0.1 /assets/js/config-min.js
INFO: [ route_check ] --START--
INFO: CheckRoute Behavior ::run [ RunTime:0.001758s ]
INFO: [ route_check ] --END-- [ RunTime:0.002004s ]
INFO: [ app_begin ] --START--
INFO: ReadHtmlCache Behavior ::run [ RunTime:0.001024s ]
INFO: [ app_begin ] --END-- [ RunTime:0.001188s ]
ERR: 无法加载模块:assets

[ 2013-12-11T23:29:27+08:00 ] 127.0.0.1 /assets/css/bui-min.css
INFO: [ route_check ] --START--
INFO: CheckRoute Behavior ::run [ RunTime:0.002430s ]
INFO: [ route_check ] --END-- [ RunTime:0.002608s ]
INFO: [ app_begin ] --START--
INFO: ReadHtmlCache Behavior ::run [ RunTime:0.001959s ]
INFO: [ app_begin ] --END-- [ RunTime:0.002156s ]
ERR: 无法加载模块:assets

[ 2013-12-11T23:32:54+08:00 ] 127.0.0.1 /assets/js/jquery-1.8.1.min.js
INFO: [ route_check ] --START--
INFO: CheckRoute Behavior ::run [ RunTime:0.002560s ]
INFO: [ route_check ] --END-- [ RunTime:0.002750s ]
INFO: [ app_begin ] --START--
INFO: ReadHtmlCache Behavior ::run [ RunTime:0.001865s ]
INFO: [ app_begin ] --END-- [ RunTime:0.002019s ]
ERR: 无法加载模块:assets

[ 2013-12-11T23:32:54+08:00 ] 127.0.0.1 /assets/js/common/main-min.js
INFO: [ route_check ] --START--
INFO: CheckRoute Behavior ::run [ RunTime:0.002447s ]
INFO: [ route_check ] --END-- [ RunTime:0.002635s ]
INFO: [ app_begin ] --START--
INFO: ReadHtmlCache Behavior ::run [ RunTime:0.001846s ]
INFO: [ app_begin ] --END-- [ RunTime:0.002009s ]
ERR: 无法加载模块:assets

[ 2013-12-11T23:32:54+08:00 ] 127.0.0.1 /assets/js/bui-min.js
INFO: [ route_check ] --START--
INFO: CheckRoute Behavior ::run [ RunTime:0.002542s ]
INFO: [ route_check ] --END-- [ RunTime:0.002749s ]
INFO: [ app_begin ] --START--
INFO: ReadHtmlCache Behavior ::run [ RunTime:0.001990s ]
INFO: [ app_begin ] --END-- [ RunTime:0.002194s ]
ERR: 无法加载模块:assets

[ 2013-12-11T23:32:54+08:00 ] 127.0.0.1 /assets/css/dpl-min.css
INFO: [ route_check ] --START--
INFO: CheckRoute Behavior ::run [ RunTime:0.002422s ]
INFO: [ route_check ] --END-- [ RunTime:0.002617s ]
INFO: [ app_begin ] --START--
INFO: ReadHtmlCache Behavior ::run [ RunTime:0.001331s ]
INFO: [ app_begin ] --END-- [ RunTime:0.001553s ]
ERR: 无法加载模块:assets

[ 2013-12-11T23:32:54+08:00 ] 127.0.0.1 /assets/js/config-min.js
INFO: [ route_check ] --START--
INFO: CheckRoute Behavior ::run [ RunTime:0.001650s ]
INFO: [ route_check ] --END-- [ RunTime:0.001885s ]
INFO: [ app_begin ] --START--
INFO: ReadHtmlCache Behavior ::run [ RunTime:0.001009s ]
INFO: [ app_begin ] --END-- [ RunTime:0.001184s ]
ERR: 无法加载模块:assets

[ 2013-12-11T23:32:54+08:00 ] 127.0.0.1 /assets/css/main-min.css
INFO: [ route_check ] --START--
INFO: CheckRoute Behavior ::run [ RunTime:0.002449s ]
INFO: [ route_check ] --END-- [ RunTime:0.002702s ]
INFO: [ app_begin ] --START--
INFO: ReadHtmlCache Behavior ::run [ RunTime:0.002148s ]
INFO: [ app_begin ] --END-- [ RunTime:0.002418s ]
ERR: 无法加载模块:assets

[ 2013-12-11T23:32:54+08:00 ] 127.0.0.1 /assets/css/bui-min.css
INFO: [ route_check ] --START--
INFO: CheckRoute Behavior ::run [ RunTime:0.002592s ]
INFO: [ route_check ] --END-- [ RunTime:0.002834s ]
INFO: [ app_begin ] --START--
INFO: ReadHtmlCache Behavior ::run [ RunTime:0.002040s ]
INFO: [ app_begin ] --END-- [ RunTime:0.002279s ]
ERR: 无法加载模块:assets

[ 2013-12-11T23:33:02+08:00 ] 127.0.0.1 /assets/css/bui-min.css
INFO: [ route_check ] --START--
INFO: CheckRoute Behavior ::run [ RunTime:0.001431s ]
INFO: [ route_check ] --END-- [ RunTime:0.001615s ]
INFO: [ app_begin ] --START--
INFO: ReadHtmlCache Behavior ::run [ RunTime:0.002011s ]
INFO: [ app_begin ] --END-- [ RunTime:0.002215s ]
ERR: 无法加载模块:assets

[ 2013-12-11T23:33:02+08:00 ] 127.0.0.1 /assets/css/main-min.css
INFO: [ route_check ] --START--
INFO: CheckRoute Behavior ::run [ RunTime:0.001586s ]
INFO: [ route_check ] --END-- [ RunTime:0.001801s ]
INFO: [ app_begin ] --START--
INFO: ReadHtmlCache Behavior ::run [ RunTime:0.000952s ]
INFO: [ app_begin ] --END-- [ RunTime:0.001100s ]
ERR: 无法加载模块:assets

[ 2013-12-11T23:33:02+08:00 ] 127.0.0.1 /assets/css/dpl-min.css
INFO: [ route_check ] --START--
INFO: CheckRoute Behavior ::run [ RunTime:0.001641s ]
INFO: [ route_check ] --END-- [ RunTime:0.001903s ]
INFO: [ app_begin ] --START--
INFO: ReadHtmlCache Behavior ::run [ RunTime:0.000995s ]
INFO: [ app_begin ] --END-- [ RunTime:0.001152s ]
ERR: 无法加载模块:assets

[ 2013-12-11T23:33:02+08:00 ] 127.0.0.1 /assets/js/bui-min.js
INFO: [ route_check ] --START--
INFO: CheckRoute Behavior ::run [ RunTime:0.001575s ]
INFO: [ route_check ] --END-- [ RunTime:0.001779s ]
INFO: [ app_begin ] --START--
INFO: ReadHtmlCache Behavior ::run [ RunTime:0.000955s ]
INFO: [ app_begin ] --END-- [ RunTime:0.001101s ]
ERR: 无法加载模块:assets

[ 2013-12-11T23:33:02+08:00 ] 127.0.0.1 /assets/js/common/main-min.js
INFO: [ route_check ] --START--
INFO: CheckRoute Behavior ::run [ RunTime:0.001408s ]
INFO: [ route_check ] --END-- [ RunTime:0.001607s ]
INFO: [ app_begin ] --START--
INFO: ReadHtmlCache Behavior ::run [ RunTime:0.000894s ]
INFO: [ app_begin ] --END-- [ RunTime:0.001041s ]
ERR: 无法加载模块:assets

[ 2013-12-11T23:33:02+08:00 ] 127.0.0.1 /assets/js/config-min.js
INFO: [ route_check ] --START--
INFO: CheckRoute Behavior ::run [ RunTime:0.001551s ]
INFO: [ route_check ] --END-- [ RunTime:0.001732s ]
INFO: [ app_begin ] --START--
INFO: ReadHtmlCache Behavior ::run [ RunTime:0.000980s ]
INFO: [ app_begin ] --END-- [ RunTime:0.001130s ]
ERR: 无法加载模块:assets

[ 2013-12-11T23:33:02+08:00 ] 127.0.0.1 /assets/js/jquery-1.8.1.min.js
INFO: [ route_check ] --START--
INFO: CheckRoute Behavior ::run [ RunTime:0.002297s ]
INFO: [ route_check ] --END-- [ RunTime:0.003101s ]
INFO: [ app_begin ] --START--
INFO: ReadHtmlCache Behavior ::run [ RunTime:0.001221s ]
INFO: [ app_begin ] --END-- [ RunTime:0.001439s ]
ERR: 无法加载模块:assets

[ 2013-12-11T23:33:20+08:00 ] 127.0.0.1 /assets/css/dpl-min.css
INFO: [ route_check ] --START--
INFO: CheckRoute Behavior ::run [ RunTime:0.008492s ]
INFO: [ route_check ] --END-- [ RunTime:0.008769s ]
INFO: [ app_begin ] --START--
INFO: ReadHtmlCache Behavior ::run [ RunTime:0.000993s ]
INFO: [ app_begin ] --END-- [ RunTime:0.001150s ]
ERR: 无法加载模块:assets

[ 2013-12-11T23:33:20+08:00 ] 127.0.0.1 /assets/css/bui-min.css
INFO: [ route_check ] --START--
INFO: CheckRoute Behavior ::run [ RunTime:0.001593s ]
INFO: [ route_check ] --END-- [ RunTime:0.001829s ]
INFO: [ app_begin ] --START--
INFO: ReadHtmlCache Behavior ::run [ RunTime:0.000953s ]
INFO: [ app_begin ] --END-- [ RunTime:0.001111s ]
ERR: 无法加载模块:assets

[ 2013-12-11T23:33:20+08:00 ] 127.0.0.1 /assets/css/main-min.css
INFO: [ route_check ] --START--
INFO: CheckRoute Behavior ::run [ RunTime:0.002424s ]
INFO: [ route_check ] --END-- [ RunTime:0.002677s ]
INFO: [ app_begin ] --START--
INFO: ReadHtmlCache Behavior ::run [ RunTime:0.001016s ]
INFO: [ app_begin ] --END-- [ RunTime:0.001188s ]
ERR: 无法加载模块:assets

[ 2013-12-11T23:33:20+08:00 ] 127.0.0.1 /assets/js/bui-min.js
INFO: [ route_check ] --START--
INFO: CheckRoute Behavior ::run [ RunTime:0.001700s ]
INFO: [ route_check ] --END-- [ RunTime:0.001914s ]
INFO: [ app_begin ] --START--
INFO: ReadHtmlCache Behavior ::run [ RunTime:0.000963s ]
INFO: [ app_begin ] --END-- [ RunTime:0.001116s ]
ERR: 无法加载模块:assets

[ 2013-12-11T23:33:20+08:00 ] 127.0.0.1 /assets/js/jquery-1.8.1.min.js
INFO: [ route_check ] --START--
INFO: CheckRoute Behavior ::run [ RunTime:0.001570s ]
INFO: [ route_check ] --END-- [ RunTime:0.001782s ]
INFO: [ app_begin ] --START--
INFO: ReadHtmlCache Behavior ::run [ RunTime:0.001236s ]
INFO: [ app_begin ] --END-- [ RunTime:0.001400s ]
ERR: 无法加载模块:assets

[ 2013-12-11T23:33:20+08:00 ] 127.0.0.1 /assets/js/common/main-min.js
INFO: [ route_check ] --START--
INFO: CheckRoute Behavior ::run [ RunTime:0.001579s ]
INFO: [ route_check ] --END-- [ RunTime:0.001766s ]
INFO: [ app_begin ] --START--
INFO: ReadHtmlCache Behavior ::run [ RunTime:0.001106s ]
INFO: [ app_begin ] --END-- [ RunTime:0.001271s ]
ERR: 无法加载模块:assets

[ 2013-12-11T23:33:20+08:00 ] 127.0.0.1 /assets/js/config-min.js
INFO: [ route_check ] --START--
INFO: CheckRoute Behavior ::run [ RunTime:0.001642s ]
INFO: [ route_check ] --END-- [ RunTime:0.001886s ]
INFO: [ app_begin ] --START--
INFO: ReadHtmlCache Behavior ::run [ RunTime:0.001046s ]
INFO: [ app_begin ] --END-- [ RunTime:0.001224s ]
ERR: 无法加载模块:assets

[ 2013-12-11T23:33:24+08:00 ] 127.0.0.1 /assets/js/bui-min.js
INFO: [ route_check ] --START--
INFO: CheckRoute Behavior ::run [ RunTime:0.001636s ]
INFO: [ route_check ] --END-- [ RunTime:0.001831s ]
INFO: [ app_begin ] --START--
INFO: ReadHtmlCache Behavior ::run [ RunTime:0.000974s ]
INFO: [ app_begin ] --END-- [ RunTime:0.001124s ]
ERR: 无法加载模块:assets

[ 2013-12-11T23:33:24+08:00 ] 127.0.0.1 /assets/js/jquery-1.8.1.min.js
INFO: [ route_check ] --START--
INFO: CheckRoute Behavior ::run [ RunTime:0.001568s ]
INFO: [ route_check ] --END-- [ RunTime:0.001753s ]
INFO: [ app_begin ] --START--
INFO: ReadHtmlCache Behavior ::run [ RunTime:0.000969s ]
INFO: [ app_begin ] --END-- [ RunTime:0.001113s ]
ERR: 无法加载模块:assets

[ 2013-12-11T23:33:24+08:00 ] 127.0.0.1 /assets/css/dpl-min.css
INFO: [ route_check ] --START--
INFO: CheckRoute Behavior ::run [ RunTime:0.001548s ]
INFO: [ route_check ] --END-- [ RunTime:0.001727s ]
INFO: [ app_begin ] --START--
INFO: ReadHtmlCache Behavior ::run [ RunTime:0.000947s ]
INFO: [ app_begin ] --END-- [ RunTime:0.001086s ]
ERR: 无法加载模块:assets

[ 2013-12-11T23:33:24+08:00 ] 127.0.0.1 /assets/css/main-min.css
INFO: [ route_check ] --START--
INFO: CheckRoute Behavior ::run [ RunTime:0.001581s ]
INFO: [ route_check ] --END-- [ RunTime:0.001794s ]
INFO: [ app_begin ] --START--
INFO: ReadHtmlCache Behavior ::run [ RunTime:0.001002s ]
INFO: [ app_begin ] --END-- [ RunTime:0.001162s ]
ERR: 无法加载模块:assets

[ 2013-12-11T23:33:24+08:00 ] 127.0.0.1 /assets/css/bui-min.css
INFO: [ route_check ] --START--
INFO: CheckRoute Behavior ::run [ RunTime:0.001516s ]
INFO: [ route_check ] --END-- [ RunTime:0.001734s ]
INFO: [ app_begin ] --START--
INFO: ReadHtmlCache Behavior ::run [ RunTime:0.000983s ]
INFO: [ app_begin ] --END-- [ RunTime:0.001132s ]
ERR: 无法加载模块:assets

[ 2013-12-11T23:33:24+08:00 ] 127.0.0.1 /assets/js/config-min.js
INFO: [ route_check ] --START--
INFO: CheckRoute Behavior ::run [ RunTime:0.001956s ]
INFO: [ route_check ] --END-- [ RunTime:0.002254s ]
INFO: [ app_begin ] --START--
INFO: ReadHtmlCache Behavior ::run [ RunTime:0.001154s ]
INFO: [ app_begin ] --END-- [ RunTime:0.001370s ]
ERR: 无法加载模块:assets

[ 2013-12-11T23:33:24+08:00 ] 127.0.0.1 /assets/js/common/main-min.js
INFO: [ route_check ] --START--
INFO: CheckRoute Behavior ::run [ RunTime:0.002039s ]
INFO: [ route_check ] --END-- [ RunTime:0.002254s ]
INFO: [ app_begin ] --START--
INFO: ReadHtmlCache Behavior ::run [ RunTime:0.004630s ]
INFO: [ app_begin ] --END-- [ RunTime:0.004831s ]
ERR: 无法加载模块:assets

[ 2013-12-11T23:35:16+08:00 ] 127.0.0.1 /assets/js/jquery-1.8.1.min.js
INFO: [ route_check ] --START--
INFO: CheckRoute Behavior ::run [ RunTime:0.002893s ]
INFO: [ route_check ] --END-- [ RunTime:0.003152s ]
INFO: [ app_begin ] --START--
INFO: ReadHtmlCache Behavior ::run [ RunTime:0.002038s ]
INFO: [ app_begin ] --END-- [ RunTime:0.002212s ]
ERR: 无法加载模块:assets

[ 2013-12-11T23:35:43+08:00 ] 127.0.0.1 /assets/js/jquery-1.8.1.min.js
INFO: [ route_check ] --START--
INFO: CheckRoute Behavior ::run [ RunTime:0.003501s ]
INFO: [ route_check ] --END-- [ RunTime:0.003697s ]
INFO: [ app_begin ] --START--
INFO: ReadHtmlCache Behavior ::run [ RunTime:0.003028s ]
INFO: [ app_begin ] --END-- [ RunTime:0.003192s ]
ERR: 无法加载模块:assets

[ 2013-12-11T23:36:03+08:00 ] 127.0.0.1 /assets/css/dpl-min.css
INFO: [ route_check ] --START--
INFO: CheckRoute Behavior ::run [ RunTime:0.005661s ]
INFO: [ route_check ] --END-- [ RunTime:0.005888s ]
INFO: [ app_begin ] --START--
INFO: ReadHtmlCache Behavior ::run [ RunTime:0.000994s ]
INFO: [ app_begin ] --END-- [ RunTime:0.001147s ]
ERR: 无法加载模块:assets

[ 2013-12-11T23:36:03+08:00 ] 127.0.0.1 /assets/css/bui-min.css
INFO: [ route_check ] --START--
INFO: CheckRoute Behavior ::run [ RunTime:0.002325s ]
INFO: [ route_check ] --END-- [ RunTime:0.002530s ]
INFO: [ app_begin ] --START--
INFO: ReadHtmlCache Behavior ::run [ RunTime:0.001881s ]
INFO: [ app_begin ] --END-- [ RunTime:0.002052s ]
ERR: 无法加载模块:assets

[ 2013-12-11T23:36:03+08:00 ] 127.0.0.1 /assets/js/jquery-1.8.1.min.js
INFO: [ route_check ] --START--
INFO: CheckRoute Behavior ::run [ RunTime:0.002806s ]
INFO: [ route_check ] --END-- [ RunTime:0.003094s ]
INFO: [ app_begin ] --START--
INFO: ReadHtmlCache Behavior ::run [ RunTime:0.023094s ]
INFO: [ app_begin ] --END-- [ RunTime:0.023290s ]
ERR: 无法加载模块:assets

[ 2013-12-11T23:36:03+08:00 ] 127.0.0.1 /assets/css/main-min.css
INFO: [ route_check ] --START--
INFO: CheckRoute Behavior ::run [ RunTime:0.003875s ]
INFO: [ route_check ] --END-- [ RunTime:0.004097s ]
INFO: [ app_begin ] --START--
INFO: ReadHtmlCache Behavior ::run [ RunTime:0.001913s ]
INFO: [ app_begin ] --END-- [ RunTime:0.002081s ]
ERR: 无法加载模块:assets

[ 2013-12-11T23:36:03+08:00 ] 127.0.0.1 /assets/js/common/main-min.js
INFO: [ route_check ] --START--
INFO: CheckRoute Behavior ::run [ RunTime:0.001456s ]
INFO: [ route_check ] --END-- [ RunTime:0.001631s ]
INFO: [ app_begin ] --START--
INFO: ReadHtmlCache Behavior ::run [ RunTime:0.001079s ]
INFO: [ app_begin ] --END-- [ RunTime:0.001251s ]
ERR: 无法加载模块:assets

[ 2013-12-11T23:36:03+08:00 ] 127.0.0.1 /assets/js/bui-min.js
INFO: [ route_check ] --START--
INFO: CheckRoute Behavior ::run [ RunTime:0.001497s ]
INFO: [ route_check ] --END-- [ RunTime:0.001705s ]
INFO: [ app_begin ] --START--
INFO: ReadHtmlCache Behavior ::run [ RunTime:0.001238s ]
INFO: [ app_begin ] --END-- [ RunTime:0.002706s ]
ERR: 无法加载模块:assets

[ 2013-12-11T23:36:03+08:00 ] 127.0.0.1 /assets/js/config-min.js
INFO: [ route_check ] --START--
INFO: CheckRoute Behavior ::run [ RunTime:0.001237s ]
INFO: [ route_check ] --END-- [ RunTime:0.001417s ]
INFO: [ app_begin ] --START--
INFO: ReadHtmlCache Behavior ::run [ RunTime:0.000841s ]
INFO: [ app_begin ] --END-- [ RunTime:0.000996s ]
ERR: 无法加载模块:assets

[ 2013-12-11T23:36:20+08:00 ] 127.0.0.1 /assets/css/dpl-min.css
INFO: [ route_check ] --START--
INFO: CheckRoute Behavior ::run [ RunTime:0.001534s ]
INFO: [ route_check ] --END-- [ RunTime:0.001737s ]
INFO: [ app_begin ] --START--
INFO: ReadHtmlCache Behavior ::run [ RunTime:0.001003s ]
INFO: [ app_begin ] --END-- [ RunTime:0.001169s ]
ERR: 无法加载模块:assets

[ 2013-12-11T23:36:20+08:00 ] 127.0.0.1 /assets/css/bui-min.css
INFO: [ route_check ] --START--
INFO: CheckRoute Behavior ::run [ RunTime:0.001578s ]
INFO: [ route_check ] --END-- [ RunTime:0.001781s ]
INFO: [ app_begin ] --START--
INFO: ReadHtmlCache Behavior ::run [ RunTime:0.001009s ]
INFO: [ app_begin ] --END-- [ RunTime:0.001182s ]
ERR: 无法加载模块:assets

[ 2013-12-11T23:36:20+08:00 ] 127.0.0.1 /assets/css/main-min.css
INFO: [ route_check ] --START--
INFO: CheckRoute Behavior ::run [ RunTime:0.001663s ]
INFO: [ route_check ] --END-- [ RunTime:0.001895s ]
INFO: [ app_begin ] --START--
INFO: ReadHtmlCache Behavior ::run [ RunTime:0.001348s ]
INFO: [ app_begin ] --END-- [ RunTime:0.001538s ]
ERR: 无法加载模块:assets

[ 2013-12-11T23:36:20+08:00 ] 127.0.0.1 /assets/js/jquery-1.8.1.min.js
INFO: [ route_check ] --START--
INFO: CheckRoute Behavior ::run [ RunTime:0.001543s ]
INFO: [ route_check ] --END-- [ RunTime:0.001758s ]
INFO: [ app_begin ] --START--
INFO: ReadHtmlCache Behavior ::run [ RunTime:0.000957s ]
INFO: [ app_begin ] --END-- [ RunTime:0.001094s ]
ERR: 无法加载模块:assets

[ 2013-12-11T23:36:20+08:00 ] 127.0.0.1 /assets/js/bui-min.js
INFO: [ route_check ] --START--
INFO: CheckRoute Behavior ::run [ RunTime:0.001519s ]
INFO: [ route_check ] --END-- [ RunTime:0.001690s ]
INFO: [ app_begin ] --START--
INFO: ReadHtmlCache Behavior ::run [ RunTime:0.000883s ]
INFO: [ app_begin ] --END-- [ RunTime:0.001030s ]
ERR: 无法加载模块:assets

[ 2013-12-11T23:36:20+08:00 ] 127.0.0.1 /assets/js/config-min.js
INFO: [ route_check ] --START--
INFO: CheckRoute Behavior ::run [ RunTime:0.002400s ]
INFO: [ route_check ] --END-- [ RunTime:0.002641s ]
INFO: [ app_begin ] --START--
INFO: ReadHtmlCache Behavior ::run [ RunTime:0.001029s ]
INFO: [ app_begin ] --END-- [ RunTime:0.001204s ]
ERR: 无法加载模块:assets

[ 2013-12-11T23:36:20+08:00 ] 127.0.0.1 /assets/js/common/main-min.js
INFO: [ route_check ] --START--
INFO: CheckRoute Behavior ::run [ RunTime:0.001806s ]
INFO: [ route_check ] --END-- [ RunTime:0.002095s ]
INFO: [ app_begin ] --START--
INFO: ReadHtmlCache Behavior ::run [ RunTime:0.001020s ]
INFO: [ app_begin ] --END-- [ RunTime:0.001208s ]
ERR: 无法加载模块:assets

[ 2013-12-11T23:36:22+08:00 ] 127.0.0.1 /assets/js/jquery-1.8.1.min.js
INFO: [ route_check ] --START--
INFO: CheckRoute Behavior ::run [ RunTime:0.001145s ]
INFO: [ route_check ] --END-- [ RunTime:0.001299s ]
INFO: [ app_begin ] --START--
INFO: ReadHtmlCache Behavior ::run [ RunTime:0.000818s ]
INFO: [ app_begin ] --END-- [ RunTime:0.000920s ]
ERR: 无法加载模块:assets

[ 2013-12-11T23:36:22+08:00 ] 127.0.0.1 /assets/js/bui-min.js
INFO: [ route_check ] --START--
INFO: CheckRoute Behavior ::run [ RunTime:0.001545s ]
INFO: [ route_check ] --END-- [ RunTime:0.001737s ]
INFO: [ app_begin ] --START--
INFO: ReadHtmlCache Behavior ::run [ RunTime:0.002374s ]
INFO: [ app_begin ] --END-- [ RunTime:0.002531s ]
ERR: 无法加载模块:assets

[ 2013-12-11T23:36:22+08:00 ] 127.0.0.1 /assets/js/common/main-min.js
INFO: [ route_check ] --START--
INFO: CheckRoute Behavior ::run [ RunTime:0.001564s ]
INFO: [ route_check ] --END-- [ RunTime:0.001744s ]
INFO: [ app_begin ] --START--
INFO: ReadHtmlCache Behavior ::run [ RunTime:0.000977s ]
INFO: [ app_begin ] --END-- [ RunTime:0.001128s ]
ERR: 无法加载模块:assets

[ 2013-12-11T23:36:22+08:00 ] 127.0.0.1 /assets/css/main-min.css
INFO: [ route_check ] --START--
INFO: CheckRoute Behavior ::run [ RunTime:0.001841s ]
INFO: [ route_check ] --END-- [ RunTime:0.002045s ]
INFO: [ app_begin ] --START--
INFO: ReadHtmlCache Behavior ::run [ RunTime:0.000929s ]
INFO: [ app_begin ] --END-- [ RunTime:0.001076s ]
ERR: 无法加载模块:assets

[ 2013-12-11T23:36:22+08:00 ] 127.0.0.1 /assets/js/config-min.js
INFO: [ route_check ] --START--
INFO: CheckRoute Behavior ::run [ RunTime:0.001513s ]
INFO: [ route_check ] --END-- [ RunTime:0.001722s ]
INFO: [ app_begin ] --START--
INFO: ReadHtmlCache Behavior ::run [ RunTime:0.000992s ]
INFO: [ app_begin ] --END-- [ RunTime:0.001146s ]
ERR: 无法加载模块:assets

[ 2013-12-11T23:36:22+08:00 ] 127.0.0.1 /assets/css/bui-min.css
INFO: [ route_check ] --START--
INFO: CheckRoute Behavior ::run [ RunTime:0.002553s ]
INFO: [ route_check ] --END-- [ RunTime:0.002787s ]
INFO: [ app_begin ] --START--
INFO: ReadHtmlCache Behavior ::run [ RunTime:0.000986s ]
INFO: [ app_begin ] --END-- [ RunTime:0.001171s ]
ERR: 无法加载模块:assets

[ 2013-12-11T23:36:22+08:00 ] 127.0.0.1 /assets/css/dpl-min.css
INFO: [ route_check ] --START--
INFO: CheckRoute Behavior ::run [ RunTime:0.003842s ]
INFO: [ route_check ] --END-- [ RunTime:0.004103s ]
INFO: [ app_begin ] --START--
INFO: ReadHtmlCache Behavior ::run [ RunTime:0.001215s ]
INFO: [ app_begin ] --END-- [ RunTime:0.001429s ]
ERR: 无法加载模块:assets

[ 2013-12-11T23:36:35+08:00 ] 127.0.0.1 /assets/js/jquery-1.8.1.min.js
INFO: [ route_check ] --START--
INFO: CheckRoute Behavior ::run [ RunTime:0.001734s ]
INFO: [ route_check ] --END-- [ RunTime:0.002004s ]
INFO: [ app_begin ] --START--
INFO: ReadHtmlCache Behavior ::run [ RunTime:0.000880s ]
INFO: [ app_begin ] --END-- [ RunTime:0.001002s ]
ERR: 无法加载模块:assets

[ 2013-12-11T23:36:40+08:00 ] 127.0.0.1 /
INFO: [ app_begin ] --START--
INFO: ReadHtmlCache Behavior ::run [ RunTime:0.000735s ]
INFO: [ app_begin ] --END-- [ RunTime:0.000879s ]
INFO: [ view_parse ] --START--
INFO: ParseTemplate Behavior ::run [ RunTime:0.001546s ]
INFO: [ view_parse ] --END-- [ RunTime:0.001698s ]
INFO: [ view_filter ] --START--
NOTIC: [8] Use of undefined constant APP_TMPL_PATH - assumed 'APP_TMPL_PATH' G:\studying\php\myweb\webapp\ThinkPHP\Lib\Behavior\ContentReplaceBehavior.class.php 第 40 行.
NOTIC: [8] Use of undefined constant APP_TMPL_PATH - assumed 'APP_TMPL_PATH' G:\studying\php\myweb\webapp\ThinkPHP\Lib\Behavior\ContentReplaceBehavior.class.php 第 47 行.
INFO: ContentReplace Behavior ::run [ RunTime:0.000552s ]
INFO: TokenBuild Behavior ::run [ RunTime:0.000488s ]
INFO: WriteHtmlCache Behavior ::run [ RunTime:0.000362s ]
INFO: ShowRuntime Behavior ::run [ RunTime:0.000577s ]
INFO: [ view_filter ] --END-- [ RunTime:0.002267s ]
INFO: [ view_end ] --START--
INFO: ShowPageTrace Behavior ::run [ RunTime:0.000818s ]
INFO: [ view_end ] --END-- [ RunTime:0.000918s ]

[ 2013-12-11T23:36:42+08:00 ] 127.0.0.1 /assets/js/jquery-1.8.1.min.js
INFO: [ route_check ] --START--
INFO: CheckRoute Behavior ::run [ RunTime:0.001235s ]
INFO: [ route_check ] --END-- [ RunTime:0.001401s ]
INFO: [ app_begin ] --START--
INFO: ReadHtmlCache Behavior ::run [ RunTime:0.000715s ]
INFO: [ app_begin ] --END-- [ RunTime:0.000816s ]
ERR: 无法加载模块:assets

[ 2013-12-11T23:36:45+08:00 ] 127.0.0.1 /assets/css/dpl-min.css
INFO: [ route_check ] --START--
INFO: CheckRoute Behavior ::run [ RunTime:0.001601s ]
INFO: [ route_check ] --END-- [ RunTime:0.001796s ]
INFO: [ app_begin ] --START--
INFO: ReadHtmlCache Behavior ::run [ RunTime:0.002116s ]
INFO: [ app_begin ] --END-- [ RunTime:0.002296s ]
ERR: 无法加载模块:assets

[ 2013-12-11T23:36:45+08:00 ] 127.0.0.1 /assets/js/bui-min.js
INFO: [ route_check ] --START--
INFO: CheckRoute Behavior ::run [ RunTime:0.001608s ]
INFO: [ route_check ] --END-- [ RunTime:0.001805s ]
INFO: [ app_begin ] --START--
INFO: ReadHtmlCache Behavior ::run [ RunTime:0.005095s ]
INFO: [ app_begin ] --END-- [ RunTime:0.005277s ]
ERR: 无法加载模块:assets

[ 2013-12-11T23:36:45+08:00 ] 127.0.0.1 /assets/css/bui-min.css
INFO: [ route_check ] --START--
INFO: CheckRoute Behavior ::run [ RunTime:0.001534s ]
INFO: [ route_check ] --END-- [ RunTime:0.001745s ]
INFO: [ app_begin ] --START--
INFO: ReadHtmlCache Behavior ::run [ RunTime:0.002411s ]
INFO: [ app_begin ] --END-- [ RunTime:0.002582s ]
ERR: 无法加载模块:assets

[ 2013-12-11T23:36:45+08:00 ] 127.0.0.1 /assets/css/main-min.css
INFO: [ route_check ] --START--
INFO: CheckRoute Behavior ::run [ RunTime:0.001796s ]
INFO: [ route_check ] --END-- [ RunTime:0.002037s ]
INFO: [ app_begin ] --START--
INFO: ReadHtmlCache Behavior ::run [ RunTime:0.005095s ]
INFO: [ app_begin ] --END-- [ RunTime:0.005283s ]
ERR: 无法加载模块:assets

[ 2013-12-11T23:36:45+08:00 ] 127.0.0.1 /assets/js/jquery-1.8.1.min.js
INFO: [ route_check ] --START--
INFO: CheckRoute Behavior ::run [ RunTime:0.001509s ]
INFO: [ route_check ] --END-- [ RunTime:0.001720s ]
INFO: [ app_begin ] --START--
INFO: ReadHtmlCache Behavior ::run [ RunTime:0.000993s ]
INFO: [ app_begin ] --END-- [ RunTime:0.001157s ]
ERR: 无法加载模块:assets

[ 2013-12-11T23:36:45+08:00 ] 127.0.0.1 /assets/js/common/main-min.js
INFO: [ route_check ] --START--
INFO: CheckRoute Behavior ::run [ RunTime:0.001592s ]
INFO: [ route_check ] --END-- [ RunTime:0.001817s ]
INFO: [ app_begin ] --START--
INFO: ReadHtmlCache Behavior ::run [ RunTime:0.001208s ]
INFO: [ app_begin ] --END-- [ RunTime:0.001424s ]
ERR: 无法加载模块:assets

[ 2013-12-11T23:36:45+08:00 ] 127.0.0.1 /assets/js/config-min.js
INFO: [ route_check ] --START--
INFO: CheckRoute Behavior ::run [ RunTime:0.001998s ]
INFO: [ route_check ] --END-- [ RunTime:0.002295s ]
INFO: [ app_begin ] --START--
INFO: ReadHtmlCache Behavior ::run [ RunTime:0.001342s ]
INFO: [ app_begin ] --END-- [ RunTime:0.001678s ]
ERR: 无法加载模块:assets

[ 2013-12-11T23:36:47+08:00 ] 127.0.0.1 /chinapost/index.php?m=Public&a=logout
INFO: [ route_check ] --START--
INFO: CheckRoute Behavior ::run [ RunTime:0.001179s ]
INFO: [ route_check ] --END-- [ RunTime:0.001330s ]
INFO: [ app_begin ] --START--
INFO: ReadHtmlCache Behavior ::run [ RunTime:0.002249s ]
INFO: [ app_begin ] --END-- [ RunTime:0.002397s ]
ERR: 无法加载模块:Public

[ 2013-12-11T23:47:20+08:00 ] 127.0.0.1 /Node/index.html
INFO: [ route_check ] --START--
INFO: CheckRoute Behavior ::run [ RunTime:0.003835s ]
INFO: [ route_check ] --END-- [ RunTime:0.004033s ]
INFO: [ app_begin ] --START--
INFO: ReadHtmlCache Behavior ::run [ RunTime:0.001423s ]
INFO: [ app_begin ] --END-- [ RunTime:0.001567s ]
ERR: 无法加载模块:Node

[ 2013-12-11T23:47:21+08:00 ] 127.0.0.1 /Node/index.html
INFO: [ route_check ] --START--
INFO: CheckRoute Behavior ::run [ RunTime:0.001550s ]
INFO: [ route_check ] --END-- [ RunTime:0.001821s ]
INFO: [ app_begin ] --START--
INFO: ReadHtmlCache Behavior ::run [ RunTime:0.001158s ]
INFO: [ app_begin ] --END-- [ RunTime:0.001340s ]
ERR: 无法加载模块:Node

[ 2013-12-11T23:47:44+08:00 ] 127.0.0.1 /Node/index.html
INFO: [ route_check ] --START--
INFO: CheckRoute Behavior ::run [ RunTime:0.001654s ]
INFO: [ route_check ] --END-- [ RunTime:0.001896s ]
INFO: [ app_begin ] --START--
INFO: ReadHtmlCache Behavior ::run [ RunTime:0.001203s ]
INFO: [ app_begin ] --END-- [ RunTime:0.001466s ]
ERR: 无法加载模块:Node

[ 2013-12-11T23:47:45+08:00 ] 127.0.0.1 /Node/index.html
INFO: [ route_check ] --START--
INFO: CheckRoute Behavior ::run [ RunTime:0.001393s ]
INFO: [ route_check ] --END-- [ RunTime:0.001588s ]
INFO: [ app_begin ] --START--
INFO: ReadHtmlCache Behavior ::run [ RunTime:0.000975s ]
INFO: [ app_begin ] --END-- [ RunTime:0.001135s ]
ERR: 无法加载模块:Node

[ 2013-12-11T23:47:45+08:00 ] 127.0.0.1 /Role/index.html
INFO: [ route_check ] --START--
INFO: CheckRoute Behavior ::run [ RunTime:0.003172s ]
INFO: [ route_check ] --END-- [ RunTime:0.003421s ]
INFO: [ app_begin ] --START--
INFO: ReadHtmlCache Behavior ::run [ RunTime:0.001206s ]
INFO: [ app_begin ] --END-- [ RunTime:0.001467s ]
ERR: 无法加载模块:Role

[ 2013-12-11T23:47:55+08:00 ] 127.0.0.1 /Node/index.html
INFO: [ route_check ] --START--
INFO: CheckRoute Behavior ::run [ RunTime:0.001208s ]
INFO: [ route_check ] --END-- [ RunTime:0.001428s ]
INFO: [ app_begin ] --START--
INFO: ReadHtmlCache Behavior ::run [ RunTime:0.000769s ]
INFO: [ app_begin ] --END-- [ RunTime:0.000901s ]
ERR: 无法加载模块:Node

[ 2013-12-11T23:49:28+08:00 ] 127.0.0.1 /Node/index.html
INFO: [ route_check ] --START--
INFO: CheckRoute Behavior ::run [ RunTime:0.003131s ]
INFO: [ route_check ] --END-- [ RunTime:0.003389s ]
INFO: [ app_begin ] --START--
INFO: ReadHtmlCache Behavior ::run [ RunTime:0.002137s ]
INFO: [ app_begin ] --END-- [ RunTime:0.002416s ]
ERR: 无法加载模块:Node

[ 2013-12-11T23:53:40+08:00 ] 127.0.0.1 /Role/index.html
INFO: [ route_check ] --START--
INFO: CheckRoute Behavior ::run [ RunTime:0.001151s ]
INFO: [ route_check ] --END-- [ RunTime:0.001311s ]
INFO: [ app_begin ] --START--
INFO: ReadHtmlCache Behavior ::run [ RunTime:0.000727s ]
INFO: [ app_begin ] --END-- [ RunTime:0.000849s ]
ERR: 无法加载模块:Role

